[2020-10-20 10:27:30.829]: entering -- org.netbeans.installer.Installer.main():81
[2020-10-20 10:27:30.829]: initializing the installer engine
[2020-10-20 10:27:30.829]:     entering -- org.netbeans.installer.Installer.<init>():116
[2020-10-20 10:27:30.829]:     ... initializing ErrorHandler
[2020-10-20 10:27:30.829]:     ... end of ErrorHandler initialization
[2020-10-20 10:27:30.829]:     exiting -- org.netbeans.installer.Installer.<init>():116
[2020-10-20 10:27:30.829]:     entering -- org.netbeans.installer.Installer.<init>():117
[2020-10-20 10:27:30.829]:     dumping target system information
[2020-10-20 10:27:30.829]:         system properties:
[2020-10-20 10:27:30.829]:             awt.toolkit => sun.awt.windows.WToolkit
[2020-10-20 10:27:30.829]:             file.encoding => Cp1252
[2020-10-20 10:27:30.829]:             file.encoding.pkg => sun.io
[2020-10-20 10:27:30.829]:             file.separator => \
[2020-10-20 10:27:30.829]:             java.awt.graphicsenv => sun.awt.Win32GraphicsEnvironment
[2020-10-20 10:27:30.829]:             java.awt.printerjob => sun.awt.windows.WPrinterJob
[2020-10-20 10:27:30.829]:             java.class.path => C:\Users\akbar\AppData\Local\Temp\\NBI50768.tmp\bundle.jar
[2020-10-20 10:27:30.829]:             java.class.version => 52.0
[2020-10-20 10:27:30.829]:             java.endorsed.dirs => C:\Users\akbar\AppData\Local\Temp\NBI50768.tmp\_jvm\lib\endorsed
[2020-10-20 10:27:30.829]:             java.ext.dirs => C:\Users\akbar\AppData\Local\Temp\NBI50768.tmp\_jvm\lib\ext;C:\WINDOWS\Sun\Java\lib\ext
[2020-10-20 10:27:30.829]:             java.home => C:\Users\akbar\AppData\Local\Temp\NBI50768.tmp\_jvm
[2020-10-20 10:27:30.829]:             java.io.tmpdir => C:\Users\akbar\AppData\Local\Temp\
[2020-10-20 10:27:30.829]:             java.library.path => C:\Users\akbar\AppData\Local\Temp\NBI50768.tmp\_jvm\bin;C:\WINDOWS\Sun\Java\bin;C:\WINDOWS\system32;C:\WINDOWS;C:\Python38\Scripts\;C:\Python38\;C:\Program Files (x86)\Common Files\Intel\Shared Files\cpp\bin\Intel64;C:\Windows\system32;C:\Windows;C:\Windows\System32\Wbem;C:\Windows\System32\WindowsPowerShell\v1.0\;C:\Windows\System32\OpenSSH\;C:\Program Files (x86)\NVIDIA Corporation\PhysX\Common;C:\Program Files\NVIDIA Corporation\NVIDIA NvDLISR;C:\Program Files\Intel\WiFi\bin\;C:\Program Files\Common Files\Intel\WirelessCommon\;C:\WINDOWS\system32;C:\WINDOWS;C:\WINDOWS\System32\Wbem;C:\WINDOWS\System32\WindowsPowerShell\v1.0\;C:\WINDOWS\System32\OpenSSH\;C:\Program Files\nodejs\;C:\ProgramData\chocolatey\bin;C:\Program Files\PuTTY\;C:\Users\akbar\AppData\Local\Microsoft\WindowsApps;C:\Users\akbar\AppData\Roaming\npm;.
[2020-10-20 10:27:30.829]:             java.runtime.name => Java(TM) SE Runtime Environment
[2020-10-20 10:27:30.829]:             java.runtime.version => 1.8.0_101-b13
[2020-10-20 10:27:30.829]:             java.specification.name => Java Platform API Specification
[2020-10-20 10:27:30.829]:             java.specification.vendor => Oracle Corporation
[2020-10-20 10:27:30.829]:             java.specification.version => 1.8
[2020-10-20 10:27:30.829]:             java.vendor => Oracle Corporation
[2020-10-20 10:27:30.829]:             java.vendor.url => http://java.oracle.com/
[2020-10-20 10:27:30.829]:             java.vendor.url.bug => http://bugreport.sun.com/bugreport/
[2020-10-20 10:27:30.829]:             java.version => 1.8.0_101
[2020-10-20 10:27:30.829]:             java.vm.info => mixed mode
[2020-10-20 10:27:30.829]:             java.vm.name => Java HotSpot(TM) 64-Bit Server VM
[2020-10-20 10:27:30.829]:             java.vm.specification.name => Java Virtual Machine Specification
[2020-10-20 10:27:30.829]:             java.vm.specification.vendor => Oracle Corporation
[2020-10-20 10:27:30.829]:             java.vm.specification.version => 1.8
[2020-10-20 10:27:30.829]:             java.vm.vendor => Oracle Corporation
[2020-10-20 10:27:30.829]:             java.vm.version => 25.101-b13
[2020-10-20 10:27:30.829]:             line.separator => 
[2020-10-20 10:27:30.829]:             netbeans.default_cachedir_root => C:\Users\akbar\AppData\Local\NetBeans\Cache
[2020-10-20 10:27:30.829]:             netbeans.default_userdir_root => C:\Users\akbar\AppData\Roaming\NetBeans
[2020-10-20 10:27:30.845]:             os.arch => amd64
[2020-10-20 10:27:30.845]:             os.name => Windows 10
[2020-10-20 10:27:30.845]:             os.version => 10.0
[2020-10-20 10:27:30.845]:             path.separator => ;
[2020-10-20 10:27:30.845]:             sun.arch.data.model => 64
[2020-10-20 10:27:30.845]:             sun.boot.class.path => C:\Users\akbar\AppData\Local\Temp\NBI50768.tmp\_jvm\lib\resources.jar;C:\Users\akbar\AppData\Local\Temp\NBI50768.tmp\_jvm\lib\rt.jar;C:\Users\akbar\AppData\Local\Temp\NBI50768.tmp\_jvm\lib\sunrsasign.jar;C:\Users\akbar\AppData\Local\Temp\NBI50768.tmp\_jvm\lib\jsse.jar;C:\Users\akbar\AppData\Local\Temp\NBI50768.tmp\_jvm\lib\jce.jar;C:\Users\akbar\AppData\Local\Temp\NBI50768.tmp\_jvm\lib\charsets.jar;C:\Users\akbar\AppData\Local\Temp\NBI50768.tmp\_jvm\lib\jfr.jar;C:\Users\akbar\AppData\Local\Temp\NBI50768.tmp\_jvm\classes
[2020-10-20 10:27:30.845]:             sun.boot.library.path => C:\Users\akbar\AppData\Local\Temp\NBI50768.tmp\_jvm\bin
[2020-10-20 10:27:30.845]:             sun.cpu.endian => little
[2020-10-20 10:27:30.845]:             sun.cpu.isalist => amd64
[2020-10-20 10:27:30.845]:             sun.desktop => windows
[2020-10-20 10:27:30.845]:             sun.io.unicode.encoding => UnicodeLittle
[2020-10-20 10:27:30.845]:             sun.java.command => org.netbeans.installer.Installer
[2020-10-20 10:27:30.845]:             sun.java.launcher => SUN_STANDARD
[2020-10-20 10:27:30.845]:             sun.jnu.encoding => Cp1252
[2020-10-20 10:27:30.845]:             sun.management.compiler => HotSpot 64-Bit Tiered Compilers
[2020-10-20 10:27:30.845]:             sun.os.patch.level => 
[2020-10-20 10:27:30.845]:             user.country => ID
[2020-10-20 10:27:30.845]:             user.dir => C:\Users\akbar\Downloads\Program
[2020-10-20 10:27:30.845]:             user.home => C:\Users\akbar
[2020-10-20 10:27:30.845]:             user.language => en
[2020-10-20 10:27:30.845]:             user.name => akbar
[2020-10-20 10:27:30.845]:             user.script => 
[2020-10-20 10:27:30.845]:             user.timezone => Asia/Bangkok
[2020-10-20 10:27:30.845]:             user.variant => 
[2020-10-20 10:27:30.845]:     ... end of target system information
[2020-10-20 10:27:30.845]:     exiting -- org.netbeans.installer.Installer.<init>():117
[2020-10-20 10:27:30.860]:     loading jni library
[2020-10-20 10:27:30.860]:         library resource path: native/jnilib/windows/windows-x64.dll
[2020-10-20 10:27:31.126]:         library file path: C:\Users\akbar\AppData\Local\Temp\nbi-8302206612061248472.tmp
[2020-10-20 10:27:31.126]:         ... successfully loaded the library
[2020-10-20 10:27:31.126]:     entering -- org.netbeans.installer.Installer.<init>():122
[2020-10-20 10:27:31.126]:     parsing command-line arguments
[2020-10-20 10:27:31.141]:         ... no command line arguments were specified
[2020-10-20 10:27:31.141]:     ... finished parsing command line arguments
[2020-10-20 10:27:31.141]:     exiting -- org.netbeans.installer.Installer.<init>():122
[2020-10-20 10:27:31.141]:     entering -- org.netbeans.installer.Installer.<init>():123
[2020-10-20 10:27:31.141]:     loading engine properties
[2020-10-20 10:27:31.141]:         loading engine properties
[2020-10-20 10:27:31.141]:             loading nbi.wizard.ui.swing.frame.width.gtk => 704
[2020-10-20 10:27:31.141]:             loading nbi.wizard.ui.swing.frame.minimum.width.nimbus => 624
[2020-10-20 10:27:31.141]:             loading nbi.wizard.ui.swing.frame.minimum.height.nimbus => 512
[2020-10-20 10:27:31.141]:             loading nbi.wizard.ui.swing.frame.width.win.xp => 600
[2020-10-20 10:27:31.141]:             loading nbi.overall.license.jdk5.resource => org/netbeans/installer/product/components/netbeans-license-jdk5.txt
[2020-10-20 10:27:31.141]:             loading nbi.wizard.ui.swing.welcome.background.image => resource:org/netbeans/installer/wizard/components/panels/netbeans/resources/welcome-left-background.png
[2020-10-20 10:27:31.141]:             loading nbi.wizard.ui.swing.frame.minimum.width.default => 600
[2020-10-20 10:27:31.141]:             loading nbi.wizard.ui.swing.frame.minimum.height.aqua => 480
[2020-10-20 10:27:31.141]:             loading nbi.wizard.ui.swing.frame.minimum.height.default => 500
[2020-10-20 10:27:31.141]:             loading nbi.product.suggest.install => true
[2020-10-20 10:27:31.141]:             loading nbi.overall.license.mysql.resource => org/netbeans/installer/product/components/netbeans-license-mysql.txt
[2020-10-20 10:27:31.141]:             loading NWP.welcome.page.bundledproduct.name => jdk
[2020-10-20 10:27:31.141]:             loading nbi.wizard.ui.swing.frame.icon => resource:org/netbeans/installer/wizard/wizard-icon.ico
[2020-10-20 10:27:31.141]:             loading nbi.wizard.ui.swing.frame.minimum.height.gtk => 528
[2020-10-20 10:27:31.141]:             loading nbi.wizard.ui.swing.frame.width.aqua => 640
[2020-10-20 10:27:31.141]:             loading nbi.wizard.ui.swing.frame.minimum.height.motif => 472
[2020-10-20 10:27:31.141]:             loading nbi.wizard.ui.swing.frame.height.gtk => 528
[2020-10-20 10:27:31.141]:             loading nbi.wizard.ui.swing.frame.minimum.width.motif => 624
[2020-10-20 10:27:31.141]:             loading nbi.wizard.ui.swing.frame.minimum.width.gtk => 704
[2020-10-20 10:27:31.141]:             loading nbi.junit.license.resource => org/netbeans/installer/product/components/junit-license.txt
[2020-10-20 10:27:31.141]:             loading nbi.wizard.ui.swing.frame.width.metal => 624
[2020-10-20 10:27:31.141]:             loading nbi.wizard.ui.swing.frame.height.win.xp => 472
[2020-10-20 10:27:31.141]:             loading nbi.wizard.ui.swing.frame.height.nimbus => 512
[2020-10-20 10:27:31.141]:             loading nbi.wizard.ui.swing.frame.minimum.width.aqua => 640
[2020-10-20 10:27:31.141]:             loading nbi.wizard.ui.swing.frame.width.default => 600
[2020-10-20 10:27:31.141]:             loading nbi.wizard.ui.swing.frame.head.left.image => resource:org/netbeans/installer/wizard/wizard-title-left.png
[2020-10-20 10:27:31.141]:             loading nbi.wizard.ui.swing.frame.head.right.image => resource:org/netbeans/installer/wizard/wizard-title-right.png
[2020-10-20 10:27:31.141]:             loading nbi.wizard.ui.swing.frame.minimum.height.win.xp => 472
[2020-10-20 10:27:31.141]:             loading nbi.wizard.ui.swing.frame.title.prefix => Java SE Development Kit and NetBeans IDE Installer
[2020-10-20 10:27:31.141]:             loading nbi.wizard.ui.swing.frame.resizable => false
[2020-10-20 10:27:31.141]:             loading nbi.wizard.ui.swing.frame.width.nimbus => 624
[2020-10-20 10:27:31.141]:             loading nbi.wizard.ui.swing.frame.minimum.height.win.classic => 472
[2020-10-20 10:27:31.141]:             loading nbi.wizard.ui.swing.frame.height.motif => 472
[2020-10-20 10:27:31.141]:             loading nbi.wizard.ui.swing.frame.height.aqua => 480
[2020-10-20 10:27:31.141]:             loading nbi.wizard.ui.swing.frame.minimum.width.win.xp => 600
[2020-10-20 10:27:31.141]:             loading nbi.overall.license.jdk6.resource => org/netbeans/installer/product/components/netbeans-license-jdk6.txt
[2020-10-20 10:27:31.141]:             loading NWP.welcome.page.type => bundledproduct
[2020-10-20 10:27:31.141]:             loading nbi.wizard.ui.swing.frame.width.motif => 624
[2020-10-20 10:27:31.141]:             loading nbi.product.remove.corrupted.products.silently => true
[2020-10-20 10:27:31.141]:             loading nbi.wizard.ui.swing.frame.minimum.width.win.classic => 588
[2020-10-20 10:27:31.141]:             loading nbi.macosx.application.directory.name => NetBeans IDE Installer
[2020-10-20 10:27:31.141]:             loading nbi.wizard.ui.swing.frame.minimum.width.metal => 624
[2020-10-20 10:27:31.141]:             loading nbi.wizard.ui.swing.frame.height.metal => 472
[2020-10-20 10:27:31.141]:             loading nbi.wizard.ui.swing.frame.height.win.classic => 472
[2020-10-20 10:27:31.141]:             loading nbi.wizard.ui.swing.frame.height.default => 500
[2020-10-20 10:27:31.141]:             loading nbi.wizard.ui.swing.frame.title.pattern => {0}
[2020-10-20 10:27:31.141]:             loading nbi.wizard.ui.swing.frame.width.win.classic => 588
[2020-10-20 10:27:31.141]:             loading nbi.wizard.ui.swing.frame.minimum.height.metal => 472
[2020-10-20 10:27:31.141]:     ... finished loading engine properties
[2020-10-20 10:27:31.141]:     exiting -- org.netbeans.installer.Installer.<init>():123
[2020-10-20 10:27:31.141]:     initializing the local directory
[2020-10-20 10:27:31.141]:         ... custom local directory was not specified, using the default
[2020-10-20 10:27:31.141]:         ... local directory: C:\Users\akbar\.nbi
[2020-10-20 10:27:31.141]:     ... finished initializing local directory
[2020-10-20 10:27:31.188]:     entering -- org.netbeans.installer.Installer.<init>():129
[2020-10-20 10:27:31.188]:     ... initializing DownloadManager
[2020-10-20 10:27:31.204]:         file not exist, queue is empty!
[2020-10-20 10:27:31.204]:     ... end of initializing DownloadManager
[2020-10-20 10:27:31.204]:     exiting -- org.netbeans.installer.Installer.<init>():129
[2020-10-20 10:27:31.204]:     entering -- org.netbeans.installer.Installer.<init>():130
[2020-10-20 10:27:31.204]:     ... initializing Registry
[2020-10-20 10:27:31.220]:     ... end of initializing ErrorHandler
[2020-10-20 10:27:31.220]:     exiting -- org.netbeans.installer.Installer.<init>():130
[2020-10-20 10:27:31.220]:     entering -- org.netbeans.installer.Installer.<init>():131
[2020-10-20 10:27:31.220]:     ... initializing Wizard
[2020-10-20 10:27:31.313]:         ... loading registry from resource:data/registry.xml
[2020-10-20 10:27:31.360]:         entering -- org.netbeans.installer.product.Registry.loadProductRegistry():1001
[2020-10-20 10:27:31.360]:         validating previous installations
[2020-10-20 10:27:31.360]:         ... validating installations finished
[2020-10-20 10:27:31.360]:         exiting -- org.netbeans.installer.product.Registry.loadProductRegistry():1001
[2020-10-20 10:27:31.376]:         Can`t load message in bundle org.netbeans.installer.wizard.components.panels.netbeans.Bundle for key NPrISP.installation.folders using [sun.misc.Launcher$AppClassLoader@5c647e05] classloader
[2020-10-20 10:27:31.376]:     ... end of initializing Wizard
[2020-10-20 10:27:31.376]:     exiting -- org.netbeans.installer.Installer.<init>():131
[2020-10-20 10:27:31.376]:     creating lock file
[2020-10-20 10:27:31.376]:         ... created lock file: C:\Users\akbar\.nbi\.nbilock
[2020-10-20 10:27:31.376]:     finished creating lock file
[2020-10-20 10:27:31.376]: ... finished initializing the engine
[2020-10-20 10:27:31.376]: exiting -- org.netbeans.installer.Installer.main():81
[2020-10-20 10:27:31.376]: entering -- org.netbeans.installer.Installer.main():81
[2020-10-20 10:27:31.376]: starting the installer
[2020-10-20 10:27:31.376]:     ... initializing look and feel
[2020-10-20 10:27:31.376]:         ... custom look and feel class name was not specified, using system default
[2020-10-20 10:27:31.469]:         ... class name: com.sun.java.swing.plaf.windows.WindowsLookAndFeel
[2020-10-20 10:27:31.469]:         ... get installed L&Fs
[2020-10-20 10:27:31.485]:         ... set specified L&F
[2020-10-20 10:27:31.501]:         ... check headless
[2020-10-20 10:27:31.501]:         ... creating JFileChooser object to check possible issues with UI
[2020-10-20 10:27:32.063]:         ... getting default Toolkit to check possible issues with UI
[2020-10-20 10:27:32.063]:         ... creating JProgressBar object to check possible issues with UI
[2020-10-20 10:27:32.079]:         ... all UI checks done
[2020-10-20 10:27:32.079]:         ... L&F is set
[2020-10-20 10:27:32.079]:     ... initializing L&F finished
[2020-10-20 10:27:32.182]:     NameResolver - to parse &Help!
[2020-10-20 10:27:32.184]:     NameResolver - to parse < &Back
[2020-10-20 10:27:32.185]:     NameResolver - to parse &Next >
[2020-10-20 10:27:32.186]:     NameResolver - to parse Cancel
[2020-10-20 10:27:32.186]:     NameResolver - to parse Configuring the Installer...
[2020-10-20 10:27:32.186]:     NameResolver - to parse Configuring the Installer...
[2020-10-20 10:27:32.190]:     NameResolver - to parse Configuring the Installer...
[2020-10-20 10:27:32.190]:     NameResolver - to parse Configuring the Installer...
[2020-10-20 10:27:32.190]:     NameResolver - to parse Please wait while Java SE Development Kit and NetBeans IDE installer initializes
[2020-10-20 10:27:32.205]:     NameResolver - to parse Configuring the Installer...
[2020-10-20 10:27:32.205]:     NameResolver - to parse Please wait while Java SE Development Kit and NetBeans IDE installer initializes
[2020-10-20 10:27:32.205]: ... finished starting the installer
[2020-10-20 10:27:32.205]: exiting -- org.netbeans.installer.Installer.main():81
[2020-10-20 10:27:32.205]: NameResolver - to parse Configuring the Installer...
[2020-10-20 10:27:32.205]: entering -- org.netbeans.installer.wizard.components.actions.InitializeRegistryAction.execute():73
[2020-10-20 10:27:32.205]: initializing product registry
[2020-10-20 10:27:32.205]:     entering -- org.netbeans.installer.product.Registry.initializeRegistry():190
[2020-10-20 10:27:32.205]:     initializing product registry properties
[2020-10-20 10:27:32.205]:         initializing local product cache directory
[2020-10-20 10:27:32.205]:         ... C:\Users\akbar\.nbi\product-cache
[2020-10-20 10:27:32.205]:         initializing local product registry file
[2020-10-20 10:27:32.205]:             ... C:\Users\akbar\.nbi\registry.xml
[2020-10-20 10:27:32.205]:             initializing local product registry stub uri
[2020-10-20 10:27:32.205]:             ... resource:org/netbeans/installer/product/default-registry.xml
[2020-10-20 10:27:32.205]:             initializing bundled product registry uri
[2020-10-20 10:27:32.205]:             ... resource:data/registry.xml
[2020-10-20 10:27:32.205]:             initializing product registry schema uri
[2020-10-20 10:27:32.205]:             ... resource:org/netbeans/installer/product/registry.xsd
[2020-10-20 10:27:32.205]:             initializing remote product registries uris
[2020-10-20 10:27:32.205]:             initializing state file schema uri
[2020-10-20 10:27:32.205]:             ... resource:org/netbeans/installer/product/state-file.xsd
[2020-10-20 10:27:32.205]:             initializing default state file uri
[2020-10-20 10:27:32.205]:             ... resource:org/netbeans/installer/product/default-state-file.xml
[2020-10-20 10:27:32.205]:             initializing target platform
[2020-10-20 10:27:32.205]:             ... windows-x64
[2020-10-20 10:27:32.205]:     initializing product registry properties
[2020-10-20 10:27:32.205]:     exiting -- org.netbeans.installer.product.Registry.initializeRegistry():190
[2020-10-20 10:27:32.205]:     ... loading registry from file:/C:/Users/akbar/.nbi/registry.xml
[2020-10-20 10:27:32.221]:     entering -- org.netbeans.installer.product.Registry.loadProductRegistry():1001
[2020-10-20 10:27:32.221]:     validating previous installations
[2020-10-20 10:27:32.346]:         NameResolver - to parse C:\Program Files\Java\jdk1.8.0_111
[2020-10-20 10:27:32.346]:         JDK validation:
[2020-10-20 10:27:32.346]:         The installation directory C:\Program Files\Java\jdk1.8.0_111 is missing.
[2020-10-20 10:27:32.346]:         Most likely it was deleted manually.
[2020-10-20 10:27:32.346]:     ... validating installations finished
[2020-10-20 10:27:32.346]:     exiting -- org.netbeans.installer.product.Registry.loadProductRegistry():1001
[2020-10-20 10:27:32.346]:     ... loading registry from resource:data/registry.xml
[2020-10-20 10:27:32.377]:     entering -- org.netbeans.installer.product.Registry.loadProductRegistry():1001
[2020-10-20 10:27:32.377]:     validating previous installations
[2020-10-20 10:27:32.377]:     ... validating installations finished
[2020-10-20 10:27:32.377]:     exiting -- org.netbeans.installer.product.Registry.loadProductRegistry():1001
[2020-10-20 10:27:32.377]: ... product registry initialization complete
[2020-10-20 10:27:32.377]: exiting -- org.netbeans.installer.wizard.components.actions.InitializeRegistryAction.execute():73
[2020-10-20 10:27:32.377]: NameResolver - to parse Extracting configuration logic for {0}
[2020-10-20 10:27:32.580]: NameResolver - to parse Extracting configuration logic for {0}
[2020-10-20 10:27:32.788]: NameResolver - to parse Extracting configuration logic for {0}
[2020-10-20 10:27:32.998]: NameResolver - to parse Extracting configuration logic for {0}
[2020-10-20 10:27:33.204]: ... checking if JDK 1.8.0_111 is already installed
[2020-10-20 10:27:33.204]: ... cannot find key for this Java
[2020-10-20 10:27:33.204]: ... checking if JDK 1.8.0_111 is already installed
[2020-10-20 10:27:33.204]: ... cannot find key for this Java
[2020-10-20 10:27:33.204]: ... bundledProductSkip = null
[2020-10-20 10:27:33.204]: ... bundledProductToInstall = JDK 8 Update 111
[2020-10-20 10:27:33.219]: NameResolver - to parse resource:org/netbeans/installer/wizard/components/panels/netbeans/resources/welcome-left-background.png
[2020-10-20 10:27:33.235]: NameResolver - to parse &Help!
[2020-10-20 10:27:33.235]: NameResolver - to parse < &Back
[2020-10-20 10:27:33.235]: NameResolver - to parse &Next >
[2020-10-20 10:27:33.235]: NameResolver - to parse Cancel
[2020-10-20 10:27:33.235]: NameResolver - to parse <html><h2 style="color: #000000; bold">Welcome to the {0} and NetBeans IDE 8.2 Installer</h2>
[2020-10-20 10:27:33.235]: NameResolver - to parse The installer will install the {0} and NetBeans IDE.<br>
[2020-10-20 10:27:33.235]: NameResolver - to parse </html>
[2020-10-20 10:27:33.235]: NameResolver - to parse text/html
[2020-10-20 10:27:33.251]: NameResolver - to parse <html>
[2020-10-20 10:27:33.251]: NameResolver - to parse The installer will install the JDK 8 Update 111 and NetBeans IDE.<br>
[2020-10-20 10:27:33.251]: NameResolver - to parse text/html
[2020-10-20 10:27:33.251]: NameResolver - to parse <html>
[2020-10-20 10:27:33.251]: NameResolver - to parse </html>
[2020-10-20 10:27:33.251]: NameResolver - to parse text/html
[2020-10-20 10:27:33.251]: NameResolver - to parse &Customize...
[2020-10-20 10:27:33.266]: NameResolver - to parse Installation Size: {0}
[2020-10-20 10:27:33.266]: NameResolver - to parse Insufficient disk space for extracting the installation data. Additional {1} is required in {0}.
[2020-10-20 10:27:33.502]: NameResolver - to parse $N{install}/NetBeans 8.2
[2020-10-20 10:27:33.502]:       --- parsed to C:\Program Files/NetBeans 8.2
[2020-10-20 10:27:33.502]: NameResolver - to parse 1.8.0.0.0
[2020-10-20 10:27:33.502]: NameResolver - to parse 500.0.0
[2020-10-20 10:27:33.502]: NameResolver - to parse .*
[2020-10-20 10:27:33.502]: NameResolver - to parse $N{install_x64}/Java/jdk1.8.0_111
[2020-10-20 10:27:33.502]:       --- Path C:\Program Files
[2020-10-20 10:27:33.502]:       --- parsed to C:\Program Files/Java/jdk1.8.0_111
[2020-10-20 10:27:33.502]: NameResolver - to parse $N{install_x64}/Java/jdk1.8.0_111
[2020-10-20 10:27:33.502]:       --- Path C:\Program Files
[2020-10-20 10:27:33.502]:       --- parsed to C:\Program Files/Java/jdk1.8.0_111
[2020-10-20 10:27:33.502]: NameResolver - to parse false
[2020-10-20 10:27:33.502]: ... loading registry from resource:data/registry.xml
[2020-10-20 10:27:33.517]: entering -- org.netbeans.installer.product.Registry.loadProductRegistry():1001
[2020-10-20 10:27:33.517]: validating previous installations
[2020-10-20 10:27:33.517]: ... validating installations finished
[2020-10-20 10:27:33.517]: exiting -- org.netbeans.installer.product.Registry.loadProductRegistry():1001
[2020-10-20 10:27:33.517]: ... checking if JDK 1.8.0_111 is already installed
[2020-10-20 10:27:33.517]: ... cannot find key for this Java
[2020-10-20 10:27:33.517]: NameResolver - to parse false
[2020-10-20 10:27:33.517]: ... use Java from the first item in the overall list: C:\Program Files\Java\jdk1.8.0_111
[2020-10-20 10:27:33.517]: ... use Java that is already selected for the product: C:\Program Files\Java\jdk1.8.0_111
[2020-10-20 10:27:33.548]: NameResolver - to parse Insufficient disk space for extracting the installation data. Additional {1} is required in {0}.
[2020-10-20 10:27:33.548]: NameResolver - to parse <dummy description>
[2020-10-20 10:27:35.553]: NameResolver - to parse Insufficient disk space for extracting the installation data. Additional {1} is required in {0}.
[2020-10-20 10:27:36.700]: NameResolver - to parse Insufficient disk space for extracting the installation data. Additional {1} is required in {0}.
[2020-10-20 10:27:36.700]: NameResolver - to parse $N{install_x64}/Java/jdk1.8.0_111
[2020-10-20 10:27:36.700]:       --- Path C:\Program Files
[2020-10-20 10:27:36.700]:       --- parsed to C:\Program Files/Java/jdk1.8.0_111
[2020-10-20 10:27:36.700]: NameResolver - to parse C:\Program Files\Java\jdk1.8.0_111
[2020-10-20 10:27:36.794]: NameResolver - to parse &Help!
[2020-10-20 10:27:36.794]: NameResolver - to parse < &Back
[2020-10-20 10:27:36.794]: NameResolver - to parse &Next >
[2020-10-20 10:27:36.794]: NameResolver - to parse Cancel
[2020-10-20 10:27:36.794]: NameResolver - to parse &Install the JDK™ to:
[2020-10-20 10:27:36.794]: NameResolver - to parse B&rowse...
[2020-10-20 10:27:36.794]: NameResolver - to parse Java SE Developer Kit (JDK) 8 Update 111 Installation
[2020-10-20 10:27:36.794]: NameResolver - to parse Java SE Developer Kit (JDK) 8 Update 111 Installation
[2020-10-20 10:27:36.794]: NameResolver - to parse Java SE Developer Kit (JDK) 8 Update 111 Installation
[2020-10-20 10:27:36.794]: NameResolver - to parse Java SE Developer Kit (JDK) 8 Update 111 Installation
[2020-10-20 10:27:36.794]: NameResolver - to parse Choose the installation folder for JDK
[2020-10-20 10:27:36.815]: NameResolver - to parse Java SE Developer Kit (JDK) 8 Update 111 Installation
[2020-10-20 10:27:36.815]: NameResolver - to parse Choose the installation folder for JDK
[2020-10-20 10:27:42.706]: NameResolver - to parse Cancel
[2020-10-20 10:27:42.706]: NameResolver - to parse Are you sure you want to cancel?
[2020-10-20 10:27:42.706]: ... showing Yes/No dialog
[2020-10-20 10:27:42.706]:     title: Cancel
[2020-10-20 10:27:42.706]:     message: Are you sure you want to cancel?
[2020-10-20 10:27:44.395]: ... dialog closed, choice : yes
